running develop
/usr/lib/python3/dist-packages/setuptools/command/develop.py:40: EasyInstallDeprecationWarning: easy_install command is deprecated.
!!

        ********************************************************************************
        Please avoid running ``setup.py`` and ``easy_install``.
        Instead, use pypa/build, pypa/installer or other
        standards-based tools.

        See https://github.com/pypa/setuptools/issues/917 for details.
        ********************************************************************************

!!
  easy_install.initialize_options(self)
running egg_info
writing my_robot_control.egg-info/PKG-INFO
writing dependency_links to my_robot_control.egg-info/dependency_links.txt
writing entry points to my_robot_control.egg-info/entry_points.txt
writing requirements to my_robot_control.egg-info/requires.txt
writing top-level names to my_robot_control.egg-info/top_level.txt
reading manifest file 'my_robot_control.egg-info/SOURCES.txt'
writing manifest file 'my_robot_control.egg-info/SOURCES.txt'
running build_ext
Creating /home/aryan/ros2_ws/install/my_robot_control/lib/python3.12/site-packages/my-robot-control.egg-link (link to .)
Installing Node_1 script to /home/aryan/ros2_ws/install/my_robot_control/lib/my_robot_control
Installing circle script to /home/aryan/ros2_ws/install/my_robot_control/lib/my_robot_control
Installing controller script to /home/aryan/ros2_ws/install/my_robot_control/lib/my_robot_control
Installing pose script to /home/aryan/ros2_ws/install/my_robot_control/lib/my_robot_control

Installed /home/aryan/ros2_ws/build/my_robot_control
running symlink_data
symbolically linking /home/aryan/ros2_ws/build/my_robot_control/resource/my_robot_control -> /home/aryan/ros2_ws/install/my_robot_control/share/ament_index/resource_index/packages
symbolically linking /home/aryan/ros2_ws/build/my_robot_control/package.xml -> /home/aryan/ros2_ws/install/my_robot_control/share/my_robot_control
