[2.024s] Invoking command in '/home/aryan/ros2_ws/src/my_robot_control': DEBUGINFOD_URLS=https://debuginfod.ubuntu.com PYTHONPATH=/home/aryan/ros2_ws/build/my_robot_control/prefix_override:/home/aryan/ros2_ws/install/my_robot_control/lib/python3.12/site-packages:${PYTHONPATH} /usr/bin/python3 -W ignore:setup.py install is deprecated setup.py egg_info --egg-base ../../build/my_robot_control build --build-base /home/aryan/ros2_ws/build/my_robot_control/build install --record /home/aryan/ros2_ws/build/my_robot_control/install.log --single-version-externally-managed install_data
[2.740s] running egg_info
[2.740s] creating ../../build/my_robot_control/my_robot_control.egg-info
[2.821s] writing ../../build/my_robot_control/my_robot_control.egg-info/PKG-INFO
[2.822s] writing dependency_links to ../../build/my_robot_control/my_robot_control.egg-info/dependency_links.txt
[2.823s] writing requirements to ../../build/my_robot_control/my_robot_control.egg-info/requires.txt
[2.823s] writing top-level names to ../../build/my_robot_control/my_robot_control.egg-info/top_level.txt
[2.824s] writing manifest file '../../build/my_robot_control/my_robot_control.egg-info/SOURCES.txt'
[2.922s] reading manifest file '../../build/my_robot_control/my_robot_control.egg-info/SOURCES.txt'
[2.928s] writing manifest file '../../build/my_robot_control/my_robot_control.egg-info/SOURCES.txt'
[2.935s] running build
[2.935s] running build_py
[2.935s] creating /home/aryan/ros2_ws/build/my_robot_control/build
[2.935s] creating /home/aryan/ros2_ws/build/my_robot_control/build/lib
[2.935s] creating /home/aryan/ros2_ws/build/my_robot_control/build/lib/my_robot_control
[2.935s] copying my_robot_control/__init__.py -> /home/aryan/ros2_ws/build/my_robot_control/build/lib/my_robot_control
[2.935s] running install
[2.948s] running install_lib
[3.004s] creating /home/aryan/ros2_ws/install/my_robot_control/lib/python3.12/site-packages/my_robot_control
[3.004s] copying /home/aryan/ros2_ws/build/my_robot_control/build/lib/my_robot_control/__init__.py -> /home/aryan/ros2_ws/install/my_robot_control/lib/python3.12/site-packages/my_robot_control
[3.005s] byte-compiling /home/aryan/ros2_ws/install/my_robot_control/lib/python3.12/site-packages/my_robot_control/__init__.py to __init__.cpython-312.pyc
[3.006s] running install_data
[3.006s] creating /home/aryan/ros2_ws/install/my_robot_control/share/ament_index
[3.006s] creating /home/aryan/ros2_ws/install/my_robot_control/share/ament_index/resource_index
[3.007s] creating /home/aryan/ros2_ws/install/my_robot_control/share/ament_index/resource_index/packages
[3.007s] copying resource/my_robot_control -> /home/aryan/ros2_ws/install/my_robot_control/share/ament_index/resource_index/packages
[3.007s] copying package.xml -> /home/aryan/ros2_ws/install/my_robot_control/share/my_robot_control
[3.008s] running install_egg_info
[3.049s] Copying ../../build/my_robot_control/my_robot_control.egg-info to /home/aryan/ros2_ws/install/my_robot_control/lib/python3.12/site-packages/my_robot_control-0.0.0-py3.12.egg-info
[3.050s] running install_scripts
[3.264s] writing list of installed files to '/home/aryan/ros2_ws/build/my_robot_control/install.log'
[3.302s] Invoked command in '/home/aryan/ros2_ws/src/my_robot_control' returned '0': DEBUGINFOD_URLS=https://debuginfod.ubuntu.com PYTHONPATH=/home/aryan/ros2_ws/build/my_robot_control/prefix_override:/home/aryan/ros2_ws/install/my_robot_control/lib/python3.12/site-packages:${PYTHONPATH} /usr/bin/python3 -W ignore:setup.py install is deprecated setup.py egg_info --egg-base ../../build/my_robot_control build --build-base /home/aryan/ros2_ws/build/my_robot_control/build install --record /home/aryan/ros2_ws/build/my_robot_control/install.log --single-version-externally-managed install_data
