running develop
/usr/lib/python3/dist-packages/setuptools/command/develop.py:40: EasyInstallDeprecationWarning: easy_install command is deprecated.
!!

        ********************************************************************************
        Please avoid running ``setup.py`` and ``easy_install``.
        Instead, use pypa/build, pypa/installer or other
        standards-based tools.

        See https://github.com/pypa/setuptools/issues/917 for details.
        ********************************************************************************

!!
  easy_install.initialize_options(self)
Removing /home/aryan/ros2_ws/install/my_robot_control/lib/python3.12/site-packages/my-robot-control.egg-link (link to .)
running egg_info
writing ../../build/my_robot_control/my_robot_control.egg-info/PKG-INFO
writing dependency_links to ../../build/my_robot_control/my_robot_control.egg-info/dependency_links.txt
writing entry points to ../../build/my_robot_control/my_robot_control.egg-info/entry_points.txt
writing requirements to ../../build/my_robot_control/my_robot_control.egg-info/requires.txt
writing top-level names to ../../build/my_robot_control/my_robot_control.egg-info/top_level.txt
reading manifest file '../../build/my_robot_control/my_robot_control.egg-info/SOURCES.txt'
writing manifest file '../../build/my_robot_control/my_robot_control.egg-info/SOURCES.txt'
running build
running build_py
copying my_robot_control/circle.py -> /home/aryan/ros2_ws/build/my_robot_control/build/lib/my_robot_control
copying my_robot_control/pose.py -> /home/aryan/ros2_ws/build/my_robot_control/build/lib/my_robot_control
running install
running install_lib
creating /home/aryan/ros2_ws/install/my_robot_control/lib/python3.12/site-packages/my_robot_control
copying /home/aryan/ros2_ws/build/my_robot_control/build/lib/my_robot_control/circle.py -> /home/aryan/ros2_ws/install/my_robot_control/lib/python3.12/site-packages/my_robot_control
copying /home/aryan/ros2_ws/build/my_robot_control/build/lib/my_robot_control/pose.py -> /home/aryan/ros2_ws/install/my_robot_control/lib/python3.12/site-packages/my_robot_control
copying /home/aryan/ros2_ws/build/my_robot_control/build/lib/my_robot_control/__init__.py -> /home/aryan/ros2_ws/install/my_robot_control/lib/python3.12/site-packages/my_robot_control
copying /home/aryan/ros2_ws/build/my_robot_control/build/lib/my_robot_control/first.py -> /home/aryan/ros2_ws/install/my_robot_control/lib/python3.12/site-packages/my_robot_control
byte-compiling /home/aryan/ros2_ws/install/my_robot_control/lib/python3.12/site-packages/my_robot_control/circle.py to circle.cpython-312.pyc
byte-compiling /home/aryan/ros2_ws/install/my_robot_control/lib/python3.12/site-packages/my_robot_control/pose.py to pose.cpython-312.pyc
byte-compiling /home/aryan/ros2_ws/install/my_robot_control/lib/python3.12/site-packages/my_robot_control/__init__.py to __init__.cpython-312.pyc
byte-compiling /home/aryan/ros2_ws/install/my_robot_control/lib/python3.12/site-packages/my_robot_control/first.py to first.cpython-312.pyc
running install_data
copying resource/my_robot_control -> /home/aryan/ros2_ws/install/my_robot_control/share/ament_index/resource_index/packages
copying package.xml -> /home/aryan/ros2_ws/install/my_robot_control/share/my_robot_control
running install_egg_info
Copying ../../build/my_robot_control/my_robot_control.egg-info to /home/aryan/ros2_ws/install/my_robot_control/lib/python3.12/site-packages/my_robot_control-0.0.0-py3.12.egg-info
running install_scripts
Installing Node_1 script to /home/aryan/ros2_ws/install/my_robot_control/lib/my_robot_control
Installing circle script to /home/aryan/ros2_ws/install/my_robot_control/lib/my_robot_control
Installing pose script to /home/aryan/ros2_ws/install/my_robot_control/lib/my_robot_control
writing list of installed files to '/home/aryan/ros2_ws/build/my_robot_control/install.log'
