[0.899s] Invoking command in '/home/aryan/ros2_ws/build/my_robot_control': DEBUGINFOD_URLS=https://debuginfod.ubuntu.com PYTHONPATH=/home/aryan/ros2_ws/build/my_robot_control/prefix_override:/home/aryan/ros2_ws/install/my_robot_control/lib/python3.12/site-packages:${PYTHONPATH} /usr/bin/python3 -W ignore:setup.py install is deprecated setup.py develop --uninstall --editable --build-directory /home/aryan/ros2_ws/build/my_robot_control/build
[1.196s] running develop
[1.196s] /usr/lib/python3/dist-packages/setuptools/command/develop.py:40: EasyInstallDeprecationWarning: easy_install command is deprecated.
[1.196s] !!
[1.196s] 
[1.196s]         ********************************************************************************
[1.196s]         Please avoid running ``setup.py`` and ``easy_install``.
[1.196s]         Instead, use pypa/build, pypa/installer or other
[1.196s]         standards-based tools.
[1.196s] 
[1.196s]         See https://github.com/pypa/setuptools/issues/917 for details.
[1.197s]         ********************************************************************************
[1.197s] 
[1.197s] !!
[1.197s]   easy_install.initialize_options(self)
[1.363s] Removing /home/aryan/ros2_ws/install/my_robot_control/lib/python3.12/site-packages/my-robot-control.egg-link (link to .)
[1.415s] Invoked command in '/home/aryan/ros2_ws/build/my_robot_control' returned '0': DEBUGINFOD_URLS=https://debuginfod.ubuntu.com PYTHONPATH=/home/aryan/ros2_ws/build/my_robot_control/prefix_override:/home/aryan/ros2_ws/install/my_robot_control/lib/python3.12/site-packages:${PYTHONPATH} /usr/bin/python3 -W ignore:setup.py install is deprecated setup.py develop --uninstall --editable --build-directory /home/aryan/ros2_ws/build/my_robot_control/build
[1.418s] Invoking command in '/home/aryan/ros2_ws/src/my_robot_control': DEBUGINFOD_URLS=https://debuginfod.ubuntu.com PYTHONPATH=/home/aryan/ros2_ws/build/my_robot_control/prefix_override:/home/aryan/ros2_ws/install/my_robot_control/lib/python3.12/site-packages:${PYTHONPATH} /usr/bin/python3 -W ignore:setup.py install is deprecated setup.py egg_info --egg-base ../../build/my_robot_control build --build-base /home/aryan/ros2_ws/build/my_robot_control/build install --record /home/aryan/ros2_ws/build/my_robot_control/install.log --single-version-externally-managed install_data --force
[1.717s] running egg_info
[1.718s] writing ../../build/my_robot_control/my_robot_control.egg-info/PKG-INFO
[1.724s] writing dependency_links to ../../build/my_robot_control/my_robot_control.egg-info/dependency_links.txt
[1.729s] writing entry points to ../../build/my_robot_control/my_robot_control.egg-info/entry_points.txt
[1.731s] writing requirements to ../../build/my_robot_control/my_robot_control.egg-info/requires.txt
[1.732s] writing top-level names to ../../build/my_robot_control/my_robot_control.egg-info/top_level.txt
[1.771s] reading manifest file '../../build/my_robot_control/my_robot_control.egg-info/SOURCES.txt'
[1.772s] writing manifest file '../../build/my_robot_control/my_robot_control.egg-info/SOURCES.txt'
[1.774s] running build
[1.775s] running build_py
[1.775s] copying my_robot_control/circle.py -> /home/aryan/ros2_ws/build/my_robot_control/build/lib/my_robot_control
[1.776s] running install
[1.782s] running install_lib
[1.800s] creating /home/aryan/ros2_ws/install/my_robot_control/lib/python3.12/site-packages/my_robot_control
[1.800s] copying /home/aryan/ros2_ws/build/my_robot_control/build/lib/my_robot_control/circle.py -> /home/aryan/ros2_ws/install/my_robot_control/lib/python3.12/site-packages/my_robot_control
[1.801s] copying /home/aryan/ros2_ws/build/my_robot_control/build/lib/my_robot_control/__init__.py -> /home/aryan/ros2_ws/install/my_robot_control/lib/python3.12/site-packages/my_robot_control
[1.802s] copying /home/aryan/ros2_ws/build/my_robot_control/build/lib/my_robot_control/first.py -> /home/aryan/ros2_ws/install/my_robot_control/lib/python3.12/site-packages/my_robot_control
[1.804s] byte-compiling /home/aryan/ros2_ws/install/my_robot_control/lib/python3.12/site-packages/my_robot_control/circle.py to circle.cpython-312.pyc
[1.805s] byte-compiling /home/aryan/ros2_ws/install/my_robot_control/lib/python3.12/site-packages/my_robot_control/__init__.py to __init__.cpython-312.pyc
[1.806s] byte-compiling /home/aryan/ros2_ws/install/my_robot_control/lib/python3.12/site-packages/my_robot_control/first.py to first.cpython-312.pyc
[1.807s] running install_data
[1.807s] copying resource/my_robot_control -> /home/aryan/ros2_ws/install/my_robot_control/share/ament_index/resource_index/packages
[1.808s] copying package.xml -> /home/aryan/ros2_ws/install/my_robot_control/share/my_robot_control
[1.808s] running install_egg_info
[1.830s] Copying ../../build/my_robot_control/my_robot_control.egg-info to /home/aryan/ros2_ws/install/my_robot_control/lib/python3.12/site-packages/my_robot_control-0.0.0-py3.12.egg-info
[1.835s] running install_scripts
[2.059s] Installing Circle script to /home/aryan/ros2_ws/install/my_robot_control/lib/my_robot_control
[2.060s] Installing Node_1 script to /home/aryan/ros2_ws/install/my_robot_control/lib/my_robot_control
[2.061s] writing list of installed files to '/home/aryan/ros2_ws/build/my_robot_control/install.log'
[2.154s] Invoked command in '/home/aryan/ros2_ws/src/my_robot_control' returned '0': DEBUGINFOD_URLS=https://debuginfod.ubuntu.com PYTHONPATH=/home/aryan/ros2_ws/build/my_robot_control/prefix_override:/home/aryan/ros2_ws/install/my_robot_control/lib/python3.12/site-packages:${PYTHONPATH} /usr/bin/python3 -W ignore:setup.py install is deprecated setup.py egg_info --egg-base ../../build/my_robot_control build --build-base /home/aryan/ros2_ws/build/my_robot_control/build install --record /home/aryan/ros2_ws/build/my_robot_control/install.log --single-version-externally-managed install_data --force
