[0.956s] Invoking command in '/home/aryan/ros2_ws/build/my_robot_control': DEBUGINFOD_URLS=https://debuginfod.ubuntu.com PYTHONPATH=/home/aryan/ros2_ws/build/my_robot_control/prefix_override:/home/aryan/ros2_ws/install/my_robot_control/lib/python3.12/site-packages:${PYTHONPATH} /usr/bin/python3 -W ignore:setup.py install is deprecated setup.py develop --editable --build-directory /home/aryan/ros2_ws/build/my_robot_control/build --no-deps symlink_data --force
[1.327s] running develop
[1.330s] /usr/lib/python3/dist-packages/setuptools/command/develop.py:40: EasyInstallDeprecationWarning: easy_install command is deprecated.
[1.330s] !!
[1.330s] 
[1.330s]         ********************************************************************************
[1.330s]         Please avoid running ``setup.py`` and ``easy_install``.
[1.330s]         Instead, use pypa/build, pypa/installer or other
[1.330s]         standards-based tools.
[1.330s] 
[1.331s]         See https://github.com/pypa/setuptools/issues/917 for details.
[1.331s]         ********************************************************************************
[1.331s] 
[1.331s] !!
[1.331s]   easy_install.initialize_options(self)
[1.510s] running egg_info
[1.530s] writing my_robot_control.egg-info/PKG-INFO
[1.530s] writing dependency_links to my_robot_control.egg-info/dependency_links.txt
[1.532s] writing entry points to my_robot_control.egg-info/entry_points.txt
[1.532s] writing requirements to my_robot_control.egg-info/requires.txt
[1.534s] writing top-level names to my_robot_control.egg-info/top_level.txt
[1.579s] reading manifest file 'my_robot_control.egg-info/SOURCES.txt'
[1.581s] writing manifest file 'my_robot_control.egg-info/SOURCES.txt'
[1.602s] running build_ext
[1.602s] Creating /home/aryan/ros2_ws/install/my_robot_control/lib/python3.12/site-packages/my-robot-control.egg-link (link to .)
[1.645s] Installing Node_1 script to /home/aryan/ros2_ws/install/my_robot_control/lib/my_robot_control
[1.650s] Installing circle script to /home/aryan/ros2_ws/install/my_robot_control/lib/my_robot_control
[1.650s] Installing pose script to /home/aryan/ros2_ws/install/my_robot_control/lib/my_robot_control
[1.650s] 
[1.650s] Installed /home/aryan/ros2_ws/build/my_robot_control
[1.651s] running symlink_data
[1.651s] symbolically linking /home/aryan/ros2_ws/build/my_robot_control/resource/my_robot_control -> /home/aryan/ros2_ws/install/my_robot_control/share/ament_index/resource_index/packages
[1.651s] symbolically linking /home/aryan/ros2_ws/build/my_robot_control/package.xml -> /home/aryan/ros2_ws/install/my_robot_control/share/my_robot_control
[1.656s] Invoked command in '/home/aryan/ros2_ws/build/my_robot_control' returned '0': DEBUGINFOD_URLS=https://debuginfod.ubuntu.com PYTHONPATH=/home/aryan/ros2_ws/build/my_robot_control/prefix_override:/home/aryan/ros2_ws/install/my_robot_control/lib/python3.12/site-packages:${PYTHONPATH} /usr/bin/python3 -W ignore:setup.py install is deprecated setup.py develop --editable --build-directory /home/aryan/ros2_ws/build/my_robot_control/build --no-deps symlink_data --force
