[0.869s] Invoking command in '/home/aryan/ros2_ws/build/my_robot_control': DEBUGINFOD_URLS=https://debuginfod.ubuntu.com PYTHONPATH=/home/aryan/ros2_ws/build/my_robot_control/prefix_override:/home/aryan/ros2_ws/install/my_robot_control/lib/python3.12/site-packages:${PYTHONPATH} /usr/bin/python3 -W ignore:setup.py install is deprecated setup.py develop --editable --build-directory /home/aryan/ros2_ws/build/my_robot_control/build --no-deps symlink_data
[1.174s] running develop
[1.176s] /usr/lib/python3/dist-packages/setuptools/command/develop.py:40: EasyInstallDeprecationWarning: easy_install command is deprecated.
[1.176s] !!
[1.176s] 
[1.176s]         ********************************************************************************
[1.176s]         Please avoid running ``setup.py`` and ``easy_install``.
[1.176s]         Instead, use pypa/build, pypa/installer or other
[1.177s]         standards-based tools.
[1.177s] 
[1.177s]         See https://github.com/pypa/setuptools/issues/917 for details.
[1.177s]         ********************************************************************************
[1.177s] 
[1.177s] !!
[1.177s]   easy_install.initialize_options(self)
[1.342s] running egg_info
[1.362s] writing my_robot_control.egg-info/PKG-INFO
[1.365s] writing dependency_links to my_robot_control.egg-info/dependency_links.txt
[1.367s] writing entry points to my_robot_control.egg-info/entry_points.txt
[1.368s] writing requirements to my_robot_control.egg-info/requires.txt
[1.368s] writing top-level names to my_robot_control.egg-info/top_level.txt
[1.407s] reading manifest file 'my_robot_control.egg-info/SOURCES.txt'
[1.409s] writing manifest file 'my_robot_control.egg-info/SOURCES.txt'
[1.428s] running build_ext
[1.428s] Creating /home/aryan/ros2_ws/install/my_robot_control/lib/python3.12/site-packages/my-robot-control.egg-link (link to .)
[1.430s] Installing Node_1 script to /home/aryan/ros2_ws/install/my_robot_control/lib/my_robot_control
[1.434s] Installing circle script to /home/aryan/ros2_ws/install/my_robot_control/lib/my_robot_control
[1.434s] Installing controller script to /home/aryan/ros2_ws/install/my_robot_control/lib/my_robot_control
[1.434s] Installing pose script to /home/aryan/ros2_ws/install/my_robot_control/lib/my_robot_control
[1.434s] 
[1.434s] Installed /home/aryan/ros2_ws/build/my_robot_control
[1.434s] running symlink_data
[1.476s] Invoked command in '/home/aryan/ros2_ws/build/my_robot_control' returned '0': DEBUGINFOD_URLS=https://debuginfod.ubuntu.com PYTHONPATH=/home/aryan/ros2_ws/build/my_robot_control/prefix_override:/home/aryan/ros2_ws/install/my_robot_control/lib/python3.12/site-packages:${PYTHONPATH} /usr/bin/python3 -W ignore:setup.py install is deprecated setup.py develop --editable --build-directory /home/aryan/ros2_ws/build/my_robot_control/build --no-deps symlink_data
