[1.104s] Invoking command in '/home/aryan/ros2_ws/build/my_robot_control': DEBUGINFOD_URLS=https://debuginfod.ubuntu.com PYTHONPATH=/home/aryan/ros2_ws/build/my_robot_control/prefix_override:/home/aryan/ros2_ws/install/my_robot_control/lib/python3.12/site-packages:${PYTHONPATH} /usr/bin/python3 -W ignore:setup.py install is deprecated setup.py develop --editable --build-directory /home/aryan/ros2_ws/build/my_robot_control/build --no-deps symlink_data --force
[1.443s] running develop
[1.455s] /usr/lib/python3/dist-packages/setuptools/command/develop.py:40: EasyInstallDeprecationWarning: easy_install command is deprecated.
[1.455s] !!
[1.455s] 
[1.455s]         ********************************************************************************
[1.455s]         Please avoid running ``setup.py`` and ``easy_install``.
[1.455s]         Instead, use pypa/build, pypa/installer or other
[1.455s]         standards-based tools.
[1.455s] 
[1.455s]         See https://github.com/pypa/setuptools/issues/917 for details.
[1.455s]         ********************************************************************************
[1.455s] 
[1.455s] !!
[1.455s]   easy_install.initialize_options(self)
[1.669s] running egg_info
[1.702s] writing my_robot_control.egg-info/PKG-INFO
[1.703s] writing dependency_links to my_robot_control.egg-info/dependency_links.txt
[1.703s] writing entry points to my_robot_control.egg-info/entry_points.txt
[1.704s] writing requirements to my_robot_control.egg-info/requires.txt
[1.706s] writing top-level names to my_robot_control.egg-info/top_level.txt
[1.743s] reading manifest file 'my_robot_control.egg-info/SOURCES.txt'
[1.744s] writing manifest file 'my_robot_control.egg-info/SOURCES.txt'
[1.764s] running build_ext
[1.764s] Creating /home/aryan/ros2_ws/install/my_robot_control/lib/python3.12/site-packages/my-robot-control.egg-link (link to .)
[1.776s] Installing Node_1 script to /home/aryan/ros2_ws/install/my_robot_control/lib/my_robot_control
[1.781s] 
[1.781s] Installed /home/aryan/ros2_ws/build/my_robot_control
[1.781s] running symlink_data
[1.781s] symbolically linking /home/aryan/ros2_ws/build/my_robot_control/resource/my_robot_control -> /home/aryan/ros2_ws/install/my_robot_control/share/ament_index/resource_index/packages
[1.781s] symbolically linking /home/aryan/ros2_ws/build/my_robot_control/package.xml -> /home/aryan/ros2_ws/install/my_robot_control/share/my_robot_control
[1.831s] Invoked command in '/home/aryan/ros2_ws/build/my_robot_control' returned '0': DEBUGINFOD_URLS=https://debuginfod.ubuntu.com PYTHONPATH=/home/aryan/ros2_ws/build/my_robot_control/prefix_override:/home/aryan/ros2_ws/install/my_robot_control/lib/python3.12/site-packages:${PYTHONPATH} /usr/bin/python3 -W ignore:setup.py install is deprecated setup.py develop --editable --build-directory /home/aryan/ros2_ws/build/my_robot_control/build --no-deps symlink_data --force
