[0.938s] Invoking command in '/home/aryan/ros2_ws/build/my_robot_control': DEBUGINFOD_URLS=https://debuginfod.ubuntu.com PYTHONPATH=/home/aryan/ros2_ws/build/my_robot_control/prefix_override:/home/aryan/ros2_ws/install/my_robot_control/lib/python3.12/site-packages:${PYTHONPATH} /usr/bin/python3 -W ignore:setup.py install is deprecated setup.py develop --editable --build-directory /home/aryan/ros2_ws/build/my_robot_control/build --no-deps symlink_data --force
[1.236s] running develop
[1.242s] /usr/lib/python3/dist-packages/setuptools/command/develop.py:40: EasyInstallDeprecationWarning: easy_install command is deprecated.
[1.242s] !!
[1.242s] 
[1.243s]         ********************************************************************************
[1.243s]         Please avoid running ``setup.py`` and ``easy_install``.
[1.243s]         Instead, use pypa/build, pypa/installer or other
[1.243s]         standards-based tools.
[1.243s] 
[1.243s]         See https://github.com/pypa/setuptools/issues/917 for details.
[1.243s]         ********************************************************************************
[1.243s] 
[1.243s] !!
[1.243s]   easy_install.initialize_options(self)
[1.415s] running egg_info
[1.437s] writing my_robot_control.egg-info/PKG-INFO
[1.439s] writing dependency_links to my_robot_control.egg-info/dependency_links.txt
[1.441s] writing entry points to my_robot_control.egg-info/entry_points.txt
[1.442s] writing requirements to my_robot_control.egg-info/requires.txt
[1.443s] writing top-level names to my_robot_control.egg-info/top_level.txt
[1.487s] reading manifest file 'my_robot_control.egg-info/SOURCES.txt'
[1.488s] writing manifest file 'my_robot_control.egg-info/SOURCES.txt'
[1.511s] running build_ext
[1.511s] Creating /home/aryan/ros2_ws/install/my_robot_control/lib/python3.12/site-packages/my-robot-control.egg-link (link to .)
[1.521s] Installing Circle script to /home/aryan/ros2_ws/install/my_robot_control/lib/my_robot_control
[1.524s] Installing Node_1 script to /home/aryan/ros2_ws/install/my_robot_control/lib/my_robot_control
[1.525s] 
[1.525s] Installed /home/aryan/ros2_ws/build/my_robot_control
[1.525s] running symlink_data
[1.525s] symbolically linking /home/aryan/ros2_ws/build/my_robot_control/resource/my_robot_control -> /home/aryan/ros2_ws/install/my_robot_control/share/ament_index/resource_index/packages
[1.525s] symbolically linking /home/aryan/ros2_ws/build/my_robot_control/package.xml -> /home/aryan/ros2_ws/install/my_robot_control/share/my_robot_control
[1.557s] Invoked command in '/home/aryan/ros2_ws/build/my_robot_control' returned '0': DEBUGINFOD_URLS=https://debuginfod.ubuntu.com PYTHONPATH=/home/aryan/ros2_ws/build/my_robot_control/prefix_override:/home/aryan/ros2_ws/install/my_robot_control/lib/python3.12/site-packages:${PYTHONPATH} /usr/bin/python3 -W ignore:setup.py install is deprecated setup.py develop --editable --build-directory /home/aryan/ros2_ws/build/my_robot_control/build --no-deps symlink_data --force
