[2.972s] Invoking command in '/home/aryan/ros2_ws/src/my_robot_control': DEBUGINFOD_URLS=https://debuginfod.ubuntu.com PYTHONPATH=/home/aryan/ros2_ws/build/my_robot_control/prefix_override:/home/aryan/ros2_ws/install/my_robot_control/lib/python3.12/site-packages:${PYTHONPATH} /usr/bin/python3 -W ignore:setup.py install is deprecated setup.py egg_info --egg-base ../../build/my_robot_control build --build-base /home/aryan/ros2_ws/build/my_robot_control/build install --record /home/aryan/ros2_ws/build/my_robot_control/install.log --single-version-externally-managed install_data
[3.301s] running egg_info
[3.301s] writing ../../build/my_robot_control/my_robot_control.egg-info/PKG-INFO
[3.303s] writing dependency_links to ../../build/my_robot_control/my_robot_control.egg-info/dependency_links.txt
[3.307s] writing entry points to ../../build/my_robot_control/my_robot_control.egg-info/entry_points.txt
[3.307s] writing requirements to ../../build/my_robot_control/my_robot_control.egg-info/requires.txt
[3.307s] writing top-level names to ../../build/my_robot_control/my_robot_control.egg-info/top_level.txt
[3.349s] reading manifest file '../../build/my_robot_control/my_robot_control.egg-info/SOURCES.txt'
[3.352s] writing manifest file '../../build/my_robot_control/my_robot_control.egg-info/SOURCES.txt'
[3.352s] running build
[3.353s] running build_py
[3.356s] copying my_robot_control/first.py -> /home/aryan/ros2_ws/build/my_robot_control/build/lib/my_robot_control
[3.356s] running install
[3.366s] running install_lib
[3.387s] copying /home/aryan/ros2_ws/build/my_robot_control/build/lib/my_robot_control/first.py -> /home/aryan/ros2_ws/install/my_robot_control/lib/python3.12/site-packages/my_robot_control
[3.389s] byte-compiling /home/aryan/ros2_ws/install/my_robot_control/lib/python3.12/site-packages/my_robot_control/first.py to first.cpython-312.pyc
[3.390s] running install_data
[3.391s] running install_egg_info
[3.416s] removing '/home/aryan/ros2_ws/install/my_robot_control/lib/python3.12/site-packages/my_robot_control-0.0.0-py3.12.egg-info' (and everything under it)
[3.416s] Copying ../../build/my_robot_control/my_robot_control.egg-info to /home/aryan/ros2_ws/install/my_robot_control/lib/python3.12/site-packages/my_robot_control-0.0.0-py3.12.egg-info
[3.416s] running install_scripts
[3.568s] Installing Node_1 script to /home/aryan/ros2_ws/install/my_robot_control/lib/my_robot_control
[3.568s] writing list of installed files to '/home/aryan/ros2_ws/build/my_robot_control/install.log'
[3.609s] Invoked command in '/home/aryan/ros2_ws/src/my_robot_control' returned '0': DEBUGINFOD_URLS=https://debuginfod.ubuntu.com PYTHONPATH=/home/aryan/ros2_ws/build/my_robot_control/prefix_override:/home/aryan/ros2_ws/install/my_robot_control/lib/python3.12/site-packages:${PYTHONPATH} /usr/bin/python3 -W ignore:setup.py install is deprecated setup.py egg_info --egg-base ../../build/my_robot_control build --build-base /home/aryan/ros2_ws/build/my_robot_control/build install --record /home/aryan/ros2_ws/build/my_robot_control/install.log --single-version-externally-managed install_data
